2026-03-25T20:01:22.438Z GET /api/users/me 200 13ms
2026-03-25T20:01:22.439Z GET /api/users/me 200 10ms
2026-03-25T20:01:22.449Z GET /api/locations 200 2ms
2026-03-25T20:01:22.449Z GET /api/locations 200 8ms
2026-03-25T20:01:26.873Z GET /api/weather?city=Santa%20Maria 200 2ms
2026-03-26T22:01:00.523Z GET /api/users/me 304 12ms
2026-03-26T22:01:00.524Z GET /api/users/me 304 9ms
2026-03-26T22:01:00.535Z GET /api/locations 304 8ms
2026-03-26T22:01:00.535Z GET /api/locations 304 6ms
2026-03-26T22:01:16.404Z GET /api/weather?city=Santa%20Maria%2C%20RS 200 2ms
2026-03-26T22:01:18.871Z GET /api/users/me 304 5ms
2026-03-26T22:01:18.872Z GET /api/users/me 304 4ms
2026-03-26T22:01:18.879Z GET /api/locations 304 5ms
2026-03-26T22:01:18.884Z GET /api/locations 304 7ms
2026-03-26T22:03:41.810Z GET /api/weather?city=Santa%20Maria%2C%20rs 200 1ms
2026-03-26T22:05:16.947Z GET /api/users/me 304 6ms
2026-03-26T22:05:16.949Z GET /api/users/me 304 6ms
2026-03-26T22:05:16.957Z GET /api/locations 304 6ms
2026-03-26T22:05:16.958Z GET /api/locations 304 5ms
2026-03-26T22:05:28.727Z GET /api/weather?city=Santa%20Maria%2C%20rs 200 1ms
2026-03-26T22:06:54.604Z GET /api/users/me 304 5ms
2026-03-26T22:06:54.606Z GET /api/users/me 304 5ms
2026-03-26T22:06:54.612Z GET /api/locations 304 4ms
2026-03-26T22:06:54.613Z GET /api/locations 304 3ms
2026-03-26T22:07:51.780Z GET /api/weather?city=Santa%20Maria%2C%20rs 200 2ms
2026-03-26T22:08:17.294Z GET /api/users/me 304 7ms
2026-03-26T22:08:17.301Z GET /api/locations 304 4ms
2026-03-26T22:08:17.302Z GET /api/users/me 304 13ms
2026-03-26T22:08:17.307Z GET /api/locations 304 3ms
2026-03-26T22:09:57.845Z GET /api/weather?city=Santa%20Maria%2C%20RS 200 1ms
2026-03-26T22:10:14.665Z GET /api/weather?city=Porto%20Alegre%2C%20rs 200 1ms
2026-03-26T22:11:02.396Z GET /api/users/me 304 4ms
2026-03-26T22:11:02.400Z GET /api/users/me 304 6ms
2026-03-26T22:11:02.405Z GET /api/locations 304 3ms
2026-03-26T22:11:02.413Z GET /api/locations 304 8ms
2026-03-26T22:11:21.726Z GET /api/weather?city=Santa%20Maria%2C%20rs 200 1ms
2026-03-26T22:12:47.318Z GET /api/weather?city=Santa%20Maria%2C%20RS 200 1ms
2026-03-26T22:12:48.372Z GET /api/weather?city=Santa%20Maria%2C%20RS 200 2ms
2026-03-26T22:12:53.796Z GET /api/weather?city=Santa%20Maria%2C%20RS 200 1ms
2026-03-26T22:12:57.361Z GET /api/weather?city=Santa%20Maria%2C%20RS 200 2ms
2026-03-26T22:13:06.400Z GET /api/weather?city=Santa%20Maria%2C%20RS 200 2ms
2026-03-26T22:13:08.341Z GET /api/users/me 304 4ms
2026-03-26T22:13:08.341Z GET /api/users/me 304 2ms
2026-03-26T22:13:08.348Z GET /api/locations 304 4ms
2026-03-26T22:13:08.348Z GET /api/locations 304 2ms
2026-03-26T22:17:14.883Z GET /api/weather?city=Santa%20Maria%2C%20rs 200 0ms
2026-03-26T22:21:09.188Z GET /api/users/me 304 9ms
2026-03-26T22:21:09.189Z GET /api/users/me 304 4ms
2026-03-26T22:21:09.193Z GET /api/locations 304 2ms
2026-03-26T22:21:09.196Z GET /api/locations 304 1ms
2026-03-26T22:21:09.464Z GET /api/users/me 304 15ms
2026-03-26T22:21:09.465Z GET /api/users/me 304 8ms
2026-03-26T22:21:09.469Z GET /api/locations 304 3ms
2026-03-26T22:21:09.473Z GET /api/locations 304 3ms
2026-03-26T22:22:09.151Z GET /api/weather?city=Santa%20Maria%2C%20rs 200 4ms
2026-03-26T22:22:23.509Z GET /api/weather?city=s%C3%A3o%20paulo 200 2ms
2026-03-26T22:23:18.757Z GET /api/weather?city=santa%20maria%2C%20rs 200 2ms
2026-03-26T22:23:35.528Z GET /api/weather?city=sao%20paulo 200 1ms
2026-03-26T22:25:53.740Z GET /api/weather?city=sao%20paulo%2C%20sp 200 2ms
2026-03-26T22:25:55.049Z GET /api/weather?city=sao%20paulo%2C%20sp 200 3ms
2026-03-26T22:25:55.603Z GET /api/weather?city=sao%20paulo%2C%20sp 200 2ms
2026-03-26T22:25:55.970Z GET /api/weather?city=sao%20paulo%2C%20sp 200 2ms
2026-03-26T22:25:56.162Z GET /api/weather?city=sao%20paulo%2C%20sp 200 1ms
2026-03-26T22:25:56.370Z GET /api/weather?city=sao%20paulo%2C%20sp 200 3ms
2026-03-26T22:25:56.540Z GET /api/weather?city=sao%20paulo%2C%20sp 200 2ms
2026-03-26T22:25:56.705Z GET /api/weather?city=sao%20paulo%2C%20sp 200 1ms
2026-03-26T22:25:57.063Z GET /api/weather?city=sao%20paulo%2C%20sp 200 3ms
2026-04-13T15:12:45.471Z GET /api/users/me 401 4ms
2026-04-13T15:12:45.472Z GET /api/users/me 401 2ms
2026-04-13T15:13:07.155Z POST /api/signin 200 151ms
2026-04-13T15:13:07.169Z GET /api/users/me 200 8ms
2026-04-13T15:13:07.175Z GET /api/locations 200 12ms
2026-04-13T15:13:09.083Z GET /api/weather?city=Santa%20Maria 200 2ms
2026-04-13T15:13:34.787Z POST /api/signin 200 183ms
2026-04-13T15:13:34.794Z GET /api/users/me 304 4ms
2026-04-13T15:13:34.795Z GET /api/locations 304 3ms
2026-04-13T15:13:43.136Z GET /api/weather?city=S%C3%A3o%20Paulo%2C%20SP 200 3ms
2026-04-13T15:13:48.843Z GET /api/users/me 304 6ms
2026-04-13T15:13:48.851Z GET /api/locations 304 4ms
2026-04-13T15:13:49.807Z GET /api/users/me 304 8ms
2026-04-13T15:13:49.817Z GET /api/locations 304 8ms
2026-04-13T15:13:56.521Z GET /api/users/me 304 4ms
2026-04-13T15:13:56.530Z GET /api/locations 304 4ms
2026-04-17T14:04:49.709Z GET /api/users/me 200 10ms
2026-04-17T14:04:49.710Z GET /api/users/me 200 17ms
2026-04-17T14:04:49.731Z GET /api/locations 200 18ms
2026-04-17T14:04:49.731Z GET /api/locations 200 16ms
2026-04-17T14:04:49.888Z GET /api/users/me 304 7ms
2026-04-17T14:04:49.888Z GET /api/users/me 304 6ms
2026-04-17T14:04:49.899Z GET /api/locations 304 7ms
2026-04-17T14:04:49.904Z GET /api/locations 304 8ms
2026-04-17T14:05:42.352Z GET /api/weather?city=S%C3%A3o%20Paulo%2C%20SP 200 5ms
2026-04-17T14:05:59.689Z GET /api/weather?city=S%C3%A3o%20Paulo%2C%20SP 200 2ms
2026-04-17T14:06:14.803Z GET /api/weather?city=Maring%C3%A1%2C%20PR 200 2ms
